android/app/build/intermediates/manifest_merge_blame_file/release/manifest-merger-blame-release-report.txt
1<?xml version="1.0" encoding="utf-8"?>
2<manifest xmlns:android="http://schemas.android.com/apk/res/android"
3    package="com.metacity"
4    android:versionCode="2"
5    android:versionName="1.0.2" >
6
7    <uses-sdk
8        android:minSdkVersion="21"
8-->src/main/AndroidManifest.xml
9        android:targetSdkVersion="34" />
9-->src/main/AndroidManifest.xml
10
11    <uses-permission android:name="android.permission.INTERNET" />
11-->src/main/AndroidManifest.xml:5:5-67
11-->src/main/AndroidManifest.xml:5:22-64
12    <uses-permission android:name="android.permission.READ_EXTERNAL_STORAGE" />
12-->src/main/AndroidManifest.xml:6:5-79
12-->src/main/AndroidManifest.xml:6:22-77
13    <uses-permission android:name="android.permission.WRITE_EXTERNAL_STORAGE" />
13-->src/main/AndroidManifest.xml:7:5-80
13-->src/main/AndroidManifest.xml:7:22-78
14    <uses-permission android:name="android.permission.MANAGE_EXTERNAL_STORAGE" />
14-->src/main/AndroidManifest.xml:8:5-81
14-->src/main/AndroidManifest.xml:8:22-79
15
16    <queries>
16-->src/main/AndroidManifest.xml:40:5-42:15
17        <package android:name="com.koces.androidpos" />
17-->src/main/AndroidManifest.xml:41:9-55
17-->src/main/AndroidManifest.xml:41:18-53
18    </queries>
19
20    <uses-permission android:name="android.permission.ACCESS_NETWORK_STATE" />
20-->[:react-native-community_netinfo] AndroidManifest.xml:7:5-79
20-->[:react-native-community_netinfo] AndroidManifest.xml:7:22-76
21    <uses-permission android:name="android.permission.ACCESS_WIFI_STATE" /> <!-- Required to access Google Play Licensing -->
21-->[:react-native-community_netinfo] AndroidManifest.xml:8:5-76
21-->[:react-native-community_netinfo] AndroidManifest.xml:8:22-73
22    <uses-permission android:name="com.android.vending.CHECK_LICENSE" />
22-->[:rn-fetch-blob] AndroidManifest.xml:8:5-73
22-->[:rn-fetch-blob] AndroidManifest.xml:8:22-70
23    <!--
24         Required to keep CPU alive while downloading files
25        (NOT to keep screen awake)
26    -->
27    <uses-permission android:name="android.permission.WAKE_LOCK" /> <!-- Required by older versions of Google Play services to create IID tokens -->
27-->[:rn-fetch-blob] AndroidManifest.xml:17:5-68
27-->[:rn-fetch-blob] AndroidManifest.xml:17:22-65
28    <uses-permission android:name="com.google.android.c2dm.permission.RECEIVE" />
28-->[com.google.android.gms:play-services-iid:17.0.0] AndroidManifest.xml:23:5-82
28-->[com.google.android.gms:play-services-iid:17.0.0] AndroidManifest.xml:23:22-79
29
30    <permission
30-->[androidx.core:core:1.9.0] AndroidManifest.xml:22:5-24:47
31        android:name="com.metacity.DYNAMIC_RECEIVER_NOT_EXPORTED_PERMISSION"
31-->[androidx.core:core:1.9.0] AndroidManifest.xml:23:9-81
32        android:protectionLevel="signature" />
32-->[androidx.core:core:1.9.0] AndroidManifest.xml:24:9-44
33
34    <uses-permission android:name="com.metacity.DYNAMIC_RECEIVER_NOT_EXPORTED_PERMISSION" />
34-->[androidx.core:core:1.9.0] AndroidManifest.xml:26:5-97
34-->[androidx.core:core:1.9.0] AndroidManifest.xml:26:22-94
35    <uses-permission android:name="com.google.android.finsky.permission.BIND_GET_INSTALL_REFERRER_SERVICE" />
35-->[com.android.installreferrer:installreferrer:1.1.2] AndroidManifest.xml:9:5-110
35-->[com.android.installreferrer:installreferrer:1.1.2] AndroidManifest.xml:9:22-107
36
37    <application
37-->src/main/AndroidManifest.xml:10:5-38:19
38        android:name="com.metacity.MainApplication"
38-->src/main/AndroidManifest.xml:11:7-38
39        android:allowBackup="true"
39-->src/main/AndroidManifest.xml:15:7-33
40        android:appComponentFactory="androidx.core.app.CoreComponentFactory"
40-->[androidx.core:core:1.9.0] AndroidManifest.xml:28:18-86
41        android:hardwareAccelerated="true"
41-->src/main/AndroidManifest.xml:19:9-43
42        android:icon="@drawable/icon"
42-->src/main/AndroidManifest.xml:13:7-36
43        android:label="@string/app_name"
43-->src/main/AndroidManifest.xml:12:7-39
44        android:largeHeap="true"
44-->src/main/AndroidManifest.xml:16:9-33
45        android:networkSecurityConfig="@xml/network_security_config"
45-->src/main/AndroidManifest.xml:21:9-69
46        android:preserveLegacyExternalStorage="true"
46-->src/main/AndroidManifest.xml:18:9-53
47        android:requestLegacyExternalStorage="true"
47-->src/main/AndroidManifest.xml:17:9-52
48        android:roundIcon="@drawable/icon"
48-->src/main/AndroidManifest.xml:14:7-41
49        android:theme="@style/AppTheme"
49-->src/main/AndroidManifest.xml:22:7-38
50        android:usesCleartextTraffic="true" >
50-->src/main/AndroidManifest.xml:20:9-44
51        <activity
51-->src/main/AndroidManifest.xml:24:7-37:18
52            android:name="com.metacity.MainActivity"
52-->src/main/AndroidManifest.xml:25:9-37
53            android:configChanges="keyboard|keyboardHidden|orientation|screenLayout|screenSize|smallestScreenSize|uiMode"
53-->src/main/AndroidManifest.xml:27:9-118
54            android:exported="true"
54-->src/main/AndroidManifest.xml:30:9-32
55            android:label="@string/app_name"
55-->src/main/AndroidManifest.xml:26:9-41
56            android:launchMode="singleTask"
56-->src/main/AndroidManifest.xml:28:9-40
57            android:windowSoftInputMode="adjustResize" >
57-->src/main/AndroidManifest.xml:29:9-51
58            <intent-filter android:autoVerify="true" >
58-->src/main/AndroidManifest.xml:31:9-36:25
58-->src/main/AndroidManifest.xml:32:13-38
59                <action android:name="android.intent.action.MAIN" />
59-->src/main/AndroidManifest.xml:33:13-65
59-->src/main/AndroidManifest.xml:33:21-62
60
61                <category android:name="android.intent.category.LAUNCHER" />
61-->src/main/AndroidManifest.xml:34:13-73
61-->src/main/AndroidManifest.xml:34:23-70
62
63                <action android:name="android.intent.action.DOWNLOAD_COMPLETE" />
63-->src/main/AndroidManifest.xml:35:13-77
63-->src/main/AndroidManifest.xml:35:21-75
64            </intent-filter>
65        </activity>
66        <activity android:name="com.facebook.react.devsupport.DevSettingsActivity" />
66-->[:react-native-code-push] AndroidManifest.xml:10:9-86
66-->[:react-native-code-push] AndroidManifest.xml:10:19-83
67
68        <provider
68-->[:react-native-webview] AndroidManifest.xml:8:9-16:20
69            android:name="com.reactnativecommunity.webview.RNCWebViewFileProvider"
69-->[:react-native-webview] AndroidManifest.xml:9:13-83
70            android:authorities="com.metacity.fileprovider"
70-->[:react-native-webview] AndroidManifest.xml:10:13-64
71            android:exported="false"
71-->[:react-native-webview] AndroidManifest.xml:11:13-37
72            android:grantUriPermissions="true" >
72-->[:react-native-webview] AndroidManifest.xml:12:13-47
73            <meta-data
73-->[:react-native-webview] AndroidManifest.xml:13:13-15:63
74                android:name="android.support.FILE_PROVIDER_PATHS"
74-->[:react-native-webview] AndroidManifest.xml:14:17-67
75                android:resource="@xml/file_provider_paths" />
75-->[:react-native-webview] AndroidManifest.xml:15:17-60
76        </provider>
77        <provider
77-->[:rn-fetch-blob] AndroidManifest.xml:32:9-40:20
78            android:name="com.RNFetchBlob.Utils.FileProvider"
78-->[:rn-fetch-blob] AndroidManifest.xml:33:13-62
79            android:authorities="com.metacity.provider"
79-->[:rn-fetch-blob] AndroidManifest.xml:34:13-60
80            android:exported="false"
80-->[:rn-fetch-blob] AndroidManifest.xml:35:13-37
81            android:grantUriPermissions="true" >
81-->[:rn-fetch-blob] AndroidManifest.xml:36:13-47
82            <meta-data
82-->[:react-native-webview] AndroidManifest.xml:13:13-15:63
83                android:name="android.support.FILE_PROVIDER_PATHS"
83-->[:react-native-webview] AndroidManifest.xml:14:17-67
84                android:resource="@xml/provider_paths" />
84-->[:react-native-webview] AndroidManifest.xml:15:17-60
85        </provider>
86
87        <meta-data
87-->[com.github.bumptech.glide:okhttp3-integration:4.12.0] AndroidManifest.xml:11:9-13:43
88            android:name="com.bumptech.glide.integration.okhttp3.OkHttpGlideModule"
88-->[com.github.bumptech.glide:okhttp3-integration:4.12.0] AndroidManifest.xml:12:13-84
89            android:value="GlideModule" />
89-->[com.github.bumptech.glide:okhttp3-integration:4.12.0] AndroidManifest.xml:13:13-40
90
91        <activity
91-->[com.google.android.gms:play-services-base:17.0.0] AndroidManifest.xml:23:9-26:75
92            android:name="com.google.android.gms.common.api.GoogleApiActivity"
92-->[com.google.android.gms:play-services-base:17.0.0] AndroidManifest.xml:24:13-79
93            android:exported="false"
93-->[com.google.android.gms:play-services-base:17.0.0] AndroidManifest.xml:25:13-37
94            android:theme="@android:style/Theme.Translucent.NoTitleBar" />
94-->[com.google.android.gms:play-services-base:17.0.0] AndroidManifest.xml:26:13-72
95
96        <meta-data
96-->[com.google.android.gms:play-services-basement:17.0.0] AndroidManifest.xml:23:9-25:69
97            android:name="com.google.android.gms.version"
97-->[com.google.android.gms:play-services-basement:17.0.0] AndroidManifest.xml:24:13-58
98            android:value="@integer/google_play_services_version" />
98-->[com.google.android.gms:play-services-basement:17.0.0] AndroidManifest.xml:25:13-66
99
100        <provider
100-->[androidx.emoji2:emoji2:1.2.0] AndroidManifest.xml:24:9-32:20
101            android:name="androidx.startup.InitializationProvider"
101-->[androidx.emoji2:emoji2:1.2.0] AndroidManifest.xml:25:13-67
102            android:authorities="com.metacity.androidx-startup"
102-->[androidx.emoji2:emoji2:1.2.0] AndroidManifest.xml:26:13-68
103            android:exported="false" >
103-->[androidx.emoji2:emoji2:1.2.0] AndroidManifest.xml:27:13-37
104            <meta-data
104-->[androidx.emoji2:emoji2:1.2.0] AndroidManifest.xml:29:13-31:52
105                android:name="androidx.emoji2.text.EmojiCompatInitializer"
105-->[androidx.emoji2:emoji2:1.2.0] AndroidManifest.xml:30:17-75
106                android:value="androidx.startup" />
106-->[androidx.emoji2:emoji2:1.2.0] AndroidManifest.xml:31:17-49
107            <meta-data
107-->[androidx.lifecycle:lifecycle-process:2.4.1] AndroidManifest.xml:31:13-33:52
108                android:name="androidx.lifecycle.ProcessLifecycleInitializer"
108-->[androidx.lifecycle:lifecycle-process:2.4.1] AndroidManifest.xml:32:17-78
109                android:value="androidx.startup" />
109-->[androidx.lifecycle:lifecycle-process:2.4.1] AndroidManifest.xml:33:17-49
110        </provider>
111
112        <meta-data
112-->[com.facebook.soloader:soloader:0.10.5] AndroidManifest.xml:12:9-14:37
113            android:name="com.facebook.soloader.enabled"
113-->[com.facebook.soloader:soloader:0.10.5] AndroidManifest.xml:13:13-57
114            android:value="false" />
114-->[com.facebook.soloader:soloader:0.10.5] AndroidManifest.xml:14:13-34
115    </application>
116
117</manifest>